<?xml version="1.0" encoding="UTF-8"?>
<!-- Generated by org.testng.reporters.JUnitXMLReporter -->
<testsuite hostname="DESKTOP-T6FE9T1" ignored="1" name="TestNG Groups Concept" tests="1" failures="0" timestamp="02 Nov 2020 20:19:19 GMT" time="0.891" errors="0">
  <testcase name="dataProviderExample" time="0.012" classname="testNG.concepts.TestNGDataDrivenConcepts"/>
  <testcase name="parametersExample" time="0.0" classname="testNG.concepts.TestNGDataDrivenConcepts">
    <ignored/>
  </testcase> <!-- parametersExample -->
</testsuite> <!-- TestNG Groups Concept -->
