<?xml version="1.0" encoding="UTF-8"?>
<testng-results skipped="0" failed="0" ignored="0" total="1" passed="1">
  <reporter-output>
  </reporter-output>
  <suite name="Hotel Website Data Driven Framework" duration-ms="22392" started-at="2020-11-05T01:05:58Z" finished-at="2020-11-05T01:06:20Z">
    <groups>
    </groups>
    <test name="login to Hotel page Dashboard" duration-ms="22392" started-at="2020-11-05T01:05:58Z" finished-at="2020-11-05T01:06:20Z">
      <class name="tests.LoginTest">
        <test-method status="PASS" signature="beforeMethod()[pri:0, instance:tests.LoginTest@32d2fa64]" name="beforeMethod" is-config="true" duration-ms="16172" started-at="2020-11-05T01:05:58Z" finished-at="2020-11-05T01:06:14Z">
          <reporter-output>
          </reporter-output>
        </test-method> <!-- beforeMethod -->
        <test-method status="PASS" signature="loginToHotel(java.lang.String, java.lang.String)[pri:0, instance:tests.LoginTest@32d2fa64]" name="loginToHotel" duration-ms="3890" started-at="2020-11-05T01:06:14Z" finished-at="2020-11-05T01:06:18Z">
          <params>
            <param index="0">
              <value>
                <![CDATA[student@test.com]]>
              </value>
            </param>
            <param index="1">
              <value>
                <![CDATA[welcome1]]>
              </value>
            </param>
          </params>
          <reporter-output>
          </reporter-output>
        </test-method> <!-- loginToHotel -->
        <test-method status="PASS" signature="afterMethod()[pri:0, instance:tests.LoginTest@32d2fa64]" name="afterMethod" is-config="true" duration-ms="2231" started-at="2020-11-05T01:06:18Z" finished-at="2020-11-05T01:06:20Z">
          <reporter-output>
          </reporter-output>
        </test-method> <!-- afterMethod -->
      </class> <!-- tests.LoginTest -->
    </test> <!-- login to Hotel page Dashboard -->
  </suite> <!-- Hotel Website Data Driven Framework -->
</testng-results>
